d:\theta\winapi\winapi\debug\winapi.pch
d:\theta\winapi\winapi\debug\vc140.pdb
d:\theta\winapi\winapi\debug\vc140.idb
d:\theta\winapi\winapi\debug\stdafx.obj
d:\theta\winapi\winapi\debug\gamenode.obj
d:\theta\winapi\winapi\debug\image.obj
d:\theta\winapi\winapi\debug\imagemanager.obj
d:\theta\winapi\winapi\debug\keymanager.obj
d:\theta\winapi\winapi\debug\maingame.obj
d:\theta\winapi\winapi\debug\progressbar.obj
d:\theta\winapi\winapi\debug\soundmanager.obj
d:\theta\winapi\winapi\debug\txtdata.obj
d:\theta\winapi\winapi\debug\utils.obj
d:\theta\winapi\winapi\debug\winmain.obj
d:\theta\winapi\winapi\debug\animation.obj
d:\theta\winapi\winapi\debug\effectmanager.obj
d:\theta\winapi\winapi\debug\timemanager.obj
d:\theta\winapi\winapi\debug\timer.obj
d:\theta\winapi\debug\winapi.ilk
d:\theta\winapi\debug\winapi.exe
d:\theta\winapi\debug\winapi.pdb
d:\theta\winapi\winapi\debug\winapi.tlog\cl.command.1.tlog
d:\theta\winapi\winapi\debug\winapi.tlog\cl.read.1.tlog
d:\theta\winapi\winapi\debug\winapi.tlog\cl.write.1.tlog
d:\theta\winapi\winapi\debug\winapi.tlog\link.command.1.tlog
d:\theta\winapi\winapi\debug\winapi.tlog\link.read.1.tlog
d:\theta\winapi\winapi\debug\winapi.tlog\link.write.1.tlog
