  stdafx.cpp
  worldMapScene.cpp
  winMain.cpp
  utils.cpp
  txtData.cpp
c:\users\kimgu\desktop\백업파일\adventure 0717 월요일 1703\txtdata.cpp(49): warning C4018: '<': signed 또는 unsigned가 일치하지 않습니다.
c:\users\kimgu\desktop\백업파일\adventure 0717 월요일 1703\txtdata.cpp(52): warning C4018: '<': signed 또는 unsigned가 일치하지 않습니다.
c:\users\kimgu\desktop\백업파일\adventure 0717 월요일 1703\txtdata.cpp(52): warning C4996: 'strcat': This function or variable may be unsafe. Consider using strcat_s instead. To disable deprecation, use _CRT_SECURE_NO_WARNINGS. See online help for details.
  c:\program files (x86)\windows kits\10\include\10.0.10240.0\ucrt\string.h(90): note: 'strcat' 선언을 참조하십시오.
c:\users\kimgu\desktop\백업파일\adventure 0717 월요일 1703\txtdata.cpp(85): warning C4996: 'strtok': This function or variable may be unsafe. Consider using strtok_s instead. To disable deprecation, use _CRT_SECURE_NO_WARNINGS. See online help for details.
  c:\program files (x86)\windows kits\10\include\10.0.10240.0\ucrt\string.h(453): note: 'strtok' 선언을 참조하십시오.
c:\users\kimgu\desktop\백업파일\adventure 0717 월요일 1703\txtdata.cpp(88): warning C4996: 'strtok': This function or variable may be unsafe. Consider using strtok_s instead. To disable deprecation, use _CRT_SECURE_NO_WARNINGS. See online help for details.
  c:\program files (x86)\windows kits\10\include\10.0.10240.0\ucrt\string.h(453): note: 'strtok' 선언을 참조하십시오.
c:\users\kimgu\desktop\백업파일\adventure 0717 월요일 1703\txtdata.cpp(81): warning C4101: 'temp' :참조되지 않은 지역 변수입니다.
  timer.cpp
  timeManager.cpp
  stagePlayer.cpp
c:\users\kimgu\desktop\백업파일\adventure 0717 월요일 1703\stageplayer.cpp(25): warning C4244: '인수': 'float'에서 'int'(으)로 변환하면서 데이터가 손실될 수 있습니다.
c:\users\kimgu\desktop\백업파일\adventure 0717 월요일 1703\stageplayer.cpp(29): warning C4305: '=': 'double'에서 'float'(으)로 잘립니다.
  soundManager.cpp
  sceneManager.cpp
  progressBar.cpp
c:\users\kimgu\desktop\백업파일\adventure 0717 월요일 1703\progressbar.cpp(41): warning C4244: '=': 'int'에서 'float'(으)로 변환하면서 데이터가 손실될 수 있습니다.
c:\users\kimgu\desktop\백업파일\adventure 0717 월요일 1703\progressbar.cpp(43): warning C4244: '인수': 'float'에서 'int'(으)로 변환하면서 데이터가 손실될 수 있습니다.
c:\users\kimgu\desktop\백업파일\adventure 0717 월요일 1703\progressbar.cpp(50): warning C4244: '=': 'float'에서 'int'(으)로 변환하면서 데이터가 손실될 수 있습니다.
c:\users\kimgu\desktop\백업파일\adventure 0717 월요일 1703\progressbar.cpp(51): warning C4244: '=': 'float'에서 'int'(으)로 변환하면서 데이터가 손실될 수 있습니다.
c:\users\kimgu\desktop\백업파일\adventure 0717 월요일 1703\progressbar.cpp(53): warning C4244: '인수': 'float'에서 'int'(으)로 변환하면서 데이터가 손실될 수 있습니다.
c:\users\kimgu\desktop\백업파일\adventure 0717 월요일 1703\progressbar.cpp(67): warning C4244: '=': 'int'에서 'float'(으)로 변환하면서 데이터가 손실될 수 있습니다.
c:\users\kimgu\desktop\백업파일\adventure 0717 월요일 1703\progressbar.cpp(61): warning C4996: 'sprintf': This function or variable may be unsafe. Consider using sprintf_s instead. To disable deprecation, use _CRT_SECURE_NO_WARNINGS. See online help for details.
  c:\program files (x86)\windows kits\10\include\10.0.10240.0\ucrt\stdio.h(1769): note: 'sprintf' 선언을 참조하십시오.
c:\users\kimgu\desktop\백업파일\adventure 0717 월요일 1703\progressbar.cpp(62): warning C4996: 'sprintf': This function or variable may be unsafe. Consider using sprintf_s instead. To disable deprecation, use _CRT_SECURE_NO_WARNINGS. See online help for details.
  c:\program files (x86)\windows kits\10\include\10.0.10240.0\ucrt\stdio.h(1769): note: 'sprintf' 선언을 참조하십시오.
c:\users\kimgu\desktop\백업파일\adventure 0717 월요일 1703\progressbar.cpp(104): warning C4244: '인수': 'float'에서 'int'(으)로 변환하면서 데이터가 손실될 수 있습니다.
  openingScene.cpp
  mainGame.cpp
  loading.cpp
c:\users\kimgu\desktop\백업파일\adventure 0717 월요일 1703\loading.cpp(31): warning C4800: 'BOOL': 'true' 또는 'false'로 bool 값을 강제하고 있습니다(성능 경고).
c:\users\kimgu\desktop\백업파일\adventure 0717 월요일 1703\loading.cpp(50): warning C4800: 'BOOL': 'true' 또는 'false'로 bool 값을 강제하고 있습니다(성능 경고).
c:\users\kimgu\desktop\백업파일\adventure 0717 월요일 1703\loading.cpp(69): warning C4800: 'BOOL': 'true' 또는 'false'로 bool 값을 강제하고 있습니다(성능 경고).
c:\users\kimgu\desktop\백업파일\adventure 0717 월요일 1703\loading.cpp(90): warning C4800: 'BOOL': 'true' 또는 'false'로 bool 값을 강제하고 있습니다(성능 경고).
c:\users\kimgu\desktop\백업파일\adventure 0717 월요일 1703\loading.cpp(179): warning C4018: '>=': signed 또는 unsigned가 일치하지 않습니다.
c:\users\kimgu\desktop\백업파일\adventure 0717 월요일 1703\loading.cpp(234): warning C4244: '인수': 'unsigned int'에서 'float'(으)로 변환하면서 데이터가 손실될 수 있습니다.
c:\users\kimgu\desktop\백업파일\adventure 0717 월요일 1703\loading.cpp(234): warning C4244: '인수': 'int'에서 'float'(으)로 변환하면서 데이터가 손실될 수 있습니다.
  keyManager.cpp
  keyAniManager.cpp
  imageManager.cpp
  image.cpp
  gameNode.cpp
c:\users\kimgu\desktop\백업파일\adventure 0717 월요일 1703\gamenode.cpp(85): warning C4244: '=': 'float'에서 'LONG'(으)로 변환하면서 데이터가 손실될 수 있습니다.
c:\users\kimgu\desktop\백업파일\adventure 0717 월요일 1703\gamenode.cpp(86): warning C4244: '=': 'float'에서 'LONG'(으)로 변환하면서 데이터가 손실될 수 있습니다.
c:\users\kimgu\desktop\백업파일\adventure 0717 월요일 1703\gamenode.cpp(75): warning C4101: 'hdc' :참조되지 않은 지역 변수입니다.
c:\users\kimgu\desktop\백업파일\adventure 0717 월요일 1703\gamenode.cpp(74): warning C4101: 'ps' :참조되지 않은 지역 변수입니다.
  effectManager.cpp
  effect.cpp
  코드를 생성하고 있습니다...
c:\users\kimgu\desktop\백업파일\adventure 0717 월요일 1703\txtdata.cpp(55): warning C4172: 지역 변수 또는 임시: str의 주소를 반환하고 있습니다.
  컴파일하고 있습니다...
  button.cpp
c:\users\kimgu\desktop\백업파일\adventure 0717 월요일 1703\button.cpp(23): warning C4244: '=': 'int'에서 'float'(으)로 변환하면서 데이터가 손실될 수 있습니다.
c:\users\kimgu\desktop\백업파일\adventure 0717 월요일 1703\button.cpp(24): warning C4244: '=': 'int'에서 'float'(으)로 변환하면서 데이터가 손실될 수 있습니다.
  animation.cpp
  코드를 생성하고 있습니다...
  winAPI.vcxproj -> C:\Users\kimgu\Desktop\백업파일\adventure 0717 월요일 1703\Debug\winAPI.exe
  winAPI.vcxproj -> C:\Users\kimgu\Desktop\백업파일\adventure 0717 월요일 1703\Debug\winAPI.pdb (Full PDB)
